Flow report for bin2ssd
Wed Oct 23 11:20:52 2019
Quartus II 32-bit Version 13.0.1 Build 232 06/12/2013 Service Pack 1 SJ Full Version


---------------------
; Table of Contents ;
---------------------
  1. Legal Notice
  2. Flow Summary
  3. Flow Settings
  4. Flow Non-Default Global Settings
  5. Flow Elapsed Time
  6. Flow OS Summary
  7. Flow Log
  8. Flow Messages
  9. Flow Suppressed Messages



----------------
; Legal Notice ;
----------------
Copyright (C) 1991-2013 Altera Corporation
Your use of Altera Corporation's design tools, logic functions 
and other software and tools, and its AMPP partner logic 
functions, and any output files from any of the foregoing 
(including device programming or simulation files), and any 
associated documentation or information are expressly subject 
to the terms and conditions of the Altera Program License 
Subscription Agreement, Altera MegaCore Function License 
Agreement, or other applicable license agreement, including, 
without limitation, that your use is for the sole purpose of 
programming logic devices manufactured by Altera and sold by 
Altera or its authorized distributors.  Please refer to the 
applicable agreement for further details.



+---------------------------------------------------------------------------------------+
; Flow Summary                                                                          ;
+------------------------------------+--------------------------------------------------+
; Flow Status                        ; Successful - Wed Oct 23 11:20:52 2019            ;
; Quartus II 32-bit Version          ; 13.0.1 Build 232 06/12/2013 SP 1 SJ Full Version ;
; Revision Name                      ; bin2ssd                                          ;
; Top-level Entity Name              ; timer0_9H                                        ;
; Family                             ; Cyclone IV E                                     ;
; Device                             ; EP4CE115F29C7                                    ;
; Timing Models                      ; Final                                            ;
; Total logic elements               ; 64 / 114,480 ( < 1 % )                           ;
;     Total combinational functions  ; 64 / 114,480 ( < 1 % )                           ;
;     Dedicated logic registers      ; 30 / 114,480 ( < 1 % )                           ;
; Total registers                    ; 30                                               ;
; Total pins                         ; 9 / 529 ( 2 % )                                  ;
; Total virtual pins                 ; 0                                                ;
; Total memory bits                  ; 0 / 3,981,312 ( 0 % )                            ;
; Embedded Multiplier 9-bit elements ; 0 / 532 ( 0 % )                                  ;
; Total PLLs                         ; 0 / 4 ( 0 % )                                    ;
+------------------------------------+--------------------------------------------------+


+-----------------------------------------+
; Flow Settings                           ;
+-------------------+---------------------+
; Option            ; Setting             ;
+-------------------+---------------------+
; Start date & time ; 10/23/2019 11:19:35 ;
; Main task         ; Compilation         ;
; Revision Name     ; bin2ssd             ;
+-------------------+---------------------+


+---------------------------------------------------------------------------------------------------------------------+
; Flow Non-Default Global Settings                                                                                    ;
+-------------------------------------+--------------------------------+---------------+-------------+----------------+
; Assignment Name                     ; Value                          ; Default Value ; Entity Name ; Section Id     ;
+-------------------------------------+--------------------------------+---------------+-------------+----------------+
; COMPILER_SIGNATURE_ID               ; 11373243925296.157182957510464 ; --            ; --          ; --             ;
; EDA_OUTPUT_DATA_FORMAT              ; Vhdl                           ; --            ; --          ; eda_simulation ;
; EDA_SIMULATION_TOOL                 ; ModelSim-Altera (VHDL)         ; <None>        ; --          ; --             ;
; MAX_CORE_JUNCTION_TEMP              ; 85                             ; --            ; --          ; --             ;
; MIN_CORE_JUNCTION_TEMP              ; 0                              ; --            ; --          ; --             ;
; OUTPUT_IO_TIMING_FAR_END_VMEAS      ; Half Signal Swing              ; --            ; --          ; --             ;
; OUTPUT_IO_TIMING_FAR_END_VMEAS      ; Half Signal Swing              ; --            ; --          ; --             ;
; OUTPUT_IO_TIMING_NEAR_END_VMEAS     ; Half Vccio                     ; --            ; --          ; --             ;
; OUTPUT_IO_TIMING_NEAR_END_VMEAS     ; Half Vccio                     ; --            ; --          ; --             ;
; PARTITION_COLOR                     ; 16764057                       ; --            ; timer0_9H   ; Top            ;
; PARTITION_FITTER_PRESERVATION_LEVEL ; PLACEMENT_AND_ROUTING          ; --            ; timer0_9H   ; Top            ;
; PARTITION_NETLIST_TYPE              ; SOURCE                         ; --            ; timer0_9H   ; Top            ;
; PROJECT_OUTPUT_DIRECTORY            ; output_files                   ; --            ; --          ; --             ;
; TOP_LEVEL_ENTITY                    ; timer0_9H                      ; bin2ssd       ; --          ; --             ;
+-------------------------------------+--------------------------------+---------------+-------------+----------------+


+-------------------------------------------------------------------------------------------------------------------------------+
; Flow Elapsed Time                                                                                                             ;
+---------------------------+--------------+-------------------------+---------------------+------------------------------------+
; Module Name               ; Elapsed Time ; Average Processors Used ; Peak Virtual Memory ; Total CPU Time (on all processors) ;
+---------------------------+--------------+-------------------------+---------------------+------------------------------------+
; Analysis & Synthesis      ; 00:00:05     ; 1.0                     ; 422 MB              ; 00:00:03                           ;
; Fitter                    ; 00:00:33     ; 3.9                     ; 1001 MB             ; 00:00:53                           ;
; Assembler                 ; 00:00:12     ; 1.0                     ; 345 MB              ; 00:00:11                           ;
; TimeQuest Timing Analyzer ; 00:00:08     ; 1.0                     ; 508 MB              ; 00:00:05                           ;
; EDA Netlist Writer        ; 00:00:02     ; 1.0                     ; 314 MB              ; 00:00:01                           ;
; Total                     ; 00:01:00     ; --                      ; --                  ; 00:01:13                           ;
+---------------------------+--------------+-------------------------+---------------------+------------------------------------+


+----------------------------------------------------------------------------------------------------+
; Flow OS Summary                                                                                    ;
+---------------------------+-------------------------+----------------+------------+----------------+
; Module Name               ; Machine Hostname        ; OS Name        ; OS Version ; Processor type ;
+---------------------------+-------------------------+----------------+------------+----------------+
; Analysis & Synthesis      ; quartus-69b945f5b-c2njw ; Ubuntu 18.04.3 ; 18         ; x86_64         ;
; Fitter                    ; quartus-69b945f5b-c2njw ; Ubuntu 18.04.3 ; 18         ; x86_64         ;
; Assembler                 ; quartus-69b945f5b-c2njw ; Ubuntu 18.04.3 ; 18         ; x86_64         ;
; TimeQuest Timing Analyzer ; quartus-69b945f5b-c2njw ; Ubuntu 18.04.3 ; 18         ; x86_64         ;
; EDA Netlist Writer        ; quartus-69b945f5b-c2njw ; Ubuntu 18.04.3 ; 18         ; x86_64         ;
+---------------------------+-------------------------+----------------+------------+----------------+


------------
; Flow Log ;
------------
quartus_map --read_settings_files=on --write_settings_files=off bin2ssd -c bin2ssd
quartus_fit --read_settings_files=off --write_settings_files=off bin2ssd -c bin2ssd
quartus_asm --read_settings_files=off --write_settings_files=off bin2ssd -c bin2ssd
quartus_sta bin2ssd -c bin2ssd
quartus_eda --read_settings_files=off --write_settings_files=off bin2ssd -c bin2ssd



