Simulator report for example_keep
Mon Sep  9 11:56:01 2019
Quartus II 32-bit Version 13.0.1 Build 232 06/12/2013 Service Pack 1 SJ Full Version


---------------------
; Table of Contents ;
---------------------
  1. Legal Notice
  2. Simulator Summary
  3. Simulator Settings
  4. Simulation Waveforms
  5. Coverage Summary
  6. Complete 1/0-Value Coverage
  7. Missing 1-Value Coverage
  8. Missing 0-Value Coverage
  9. Simulator INI Usage
 10. Simulator Messages



----------------
; Legal Notice ;
----------------
Copyright (C) 1991-2013 Altera Corporation
Your use of Altera Corporation's design tools, logic functions 
and other software and tools, and its AMPP partner logic 
functions, and any output files from any of the foregoing 
(including device programming or simulation files), and any 
associated documentation or information are expressly subject 
to the terms and conditions of the Altera Program License 
Subscription Agreement, Altera MegaCore Function License 
Agreement, or other applicable license agreement, including, 
without limitation, that your use is for the sole purpose of 
programming logic devices manufactured by Altera and sold by 
Altera or its authorized distributors.  Please refer to the 
applicable agreement for further details.



+--------------------------------------------+
; Simulator Summary                          ;
+-----------------------------+--------------+
; Type                        ; Value        ;
+-----------------------------+--------------+
; Simulation Start Time       ; 0 ps         ;
; Simulation End Time         ; 1.0 us       ;
; Simulation Netlist Size     ; 5 nodes      ;
; Simulation Coverage         ;     100.00 % ;
; Total Number of Transitions ; 692          ;
; Simulation Breakpoints      ; 0            ;
; Family                      ; Cyclone      ;
; Device                      ; EP1C3T100A8  ;
+-----------------------------+--------------+


+-----------------------------------------------------------------------------------------------------------------------------------------------------+
; Simulator Settings                                                                                                                                  ;
+--------------------------------------------------------------------------------------------+----------------------------------------+---------------+
; Option                                                                                     ; Setting                                ; Default Value ;
+--------------------------------------------------------------------------------------------+----------------------------------------+---------------+
; Simulation mode                                                                            ; Timing                                 ; Timing        ;
; Start time                                                                                 ; 0 ns                                   ; 0 ns          ;
; Simulation results format                                                                  ; VWF                                    ;               ;
; Vector input source                                                                        ; /home/elisa.r/DLP/aula 11/Waveform.vwf ;               ;
; Add pins automatically to simulation output waveforms                                      ; On                                     ; On            ;
; Check outputs                                                                              ; Off                                    ; Off           ;
; Report simulation coverage                                                                 ; On                                     ; On            ;
; Display complete 1/0 value coverage report                                                 ; On                                     ; On            ;
; Display missing 1-value coverage report                                                    ; On                                     ; On            ;
; Display missing 0-value coverage report                                                    ; On                                     ; On            ;
; Detect setup and hold time violations                                                      ; Off                                    ; Off           ;
; Detect glitches                                                                            ; Off                                    ; Off           ;
; Disable timing delays in Timing Simulation                                                 ; Off                                    ; Off           ;
; Generate Signal Activity File                                                              ; Off                                    ; Off           ;
; Generate VCD File for PowerPlay Power Analyzer                                             ; Off                                    ; Off           ;
; Group bus channels in simulation results                                                   ; Off                                    ; Off           ;
; Preserve fewer signal transitions to reduce memory requirements                            ; On                                     ; On            ;
; Trigger vector comparison with the specified mode                                          ; INPUT_EDGE                             ; INPUT_EDGE    ;
; Disable setup and hold time violations detection in input registers of bi-directional pins ; Off                                    ; Off           ;
; Overwrite Waveform Inputs With Simulation Outputs                                          ; Off                                    ;               ;
; Perform Glitch Filtering in Timing Simulation                                              ; Auto                                   ; Auto          ;
+--------------------------------------------------------------------------------------------+----------------------------------------+---------------+


+----------------------+
; Simulation Waveforms ;
+----------------------+
Waveform report data cannot be output to ASCII.
Please use Quartus II 32-bit to view the waveform report data.


+--------------------------------------------------------------------+
; Coverage Summary                                                   ;
+-----------------------------------------------------+--------------+
; Type                                                ; Value        ;
+-----------------------------------------------------+--------------+
; Total coverage as a percentage                      ;     100.00 % ;
; Total nodes checked                                 ; 5            ;
; Total output ports checked                          ; 5            ;
; Total output ports with complete 1/0-value coverage ; 5            ;
; Total output ports with no 1/0-value coverage       ; 0            ;
; Total output ports with no 1-value coverage         ; 0            ;
; Total output ports with no 0-value coverage         ; 0            ;
+-----------------------------------------------------+--------------+


The following table displays output ports that toggle between 1 and 0 during simulation.
+---------------------------------------------------------------+
; Complete 1/0-Value Coverage                                   ;
+-------------------+------------------------+------------------+
; Node Name         ; Output Port Name       ; Output Port Type ;
+-------------------+------------------------+------------------+
; |example_keep|y~0 ; |example_keep|y~0      ; combout          ;
; |example_keep|b   ; |example_keep|b        ; combout          ;
; |example_keep|a   ; |example_keep|a        ; combout          ;
; |example_keep|y   ; |example_keep|y        ; padio            ;
; |example_keep|x   ; |example_keep|x~corein ; combout          ;
+-------------------+------------------------+------------------+


The following table displays output ports that do not toggle to 1 during simulation.
+-------------------------------------------------+
; Missing 1-Value Coverage                        ;
+-----------+------------------+------------------+
; Node Name ; Output Port Name ; Output Port Type ;
+-----------+------------------+------------------+


The following table displays output ports that do not toggle to 0 during simulation.
+-------------------------------------------------+
; Missing 0-Value Coverage                        ;
+-----------+------------------+------------------+
; Node Name ; Output Port Name ; Output Port Type ;
+-----------+------------------+------------------+


+---------------------+
; Simulator INI Usage ;
+--------+------------+
; Option ; Usage      ;
+--------+------------+


+--------------------+
; Simulator Messages ;
+--------------------+
Info: *******************************************************************
Info: Running Quartus II 32-bit Simulator
    Info: Version 13.0.1 Build 232 06/12/2013 Service Pack 1 SJ Full Version
    Info: Processing started: Mon Sep  9 11:56:00 2019
Info: Command: quartus_sim --simulation_results_format=VWF example_keep -c example_keep
Info (324025): Using vector source file "/home/elisa.r/DLP/aula 11/Waveform.vwf"
Warning (328013): Ignored node in vector source file. Can't find corresponding node name "c" in design.
Info (310003): Option to preserve fewer signal transitions to reduce memory requirements is enabled
    Info (310004): Simulation has been partitioned into sub-simulations according to the maximum transition count determined by the engine. Transitions from memory will be flushed out to disk at the end of each sub-simulation to reduce memory requirements.
Info (310002): Simulation partitioned into 1 sub-simulations
Info (328053): Simulation coverage is     100.00 %
Info (328052): Number of transitions in simulation is 692
Info (324045): Vector file example_keep.sim.vwf is saved in VWF text format. You can compress it into CVWF format in order to reduce file size. For more details please refer to the Quartus II Help.
Info: Quartus II 32-bit Simulator was successful. 0 errors, 1 warning
    Info: Peak virtual memory: 274 megabytes
    Info: Processing ended: Mon Sep  9 11:56:01 2019
    Info: Elapsed time: 00:00:01
    Info: Total CPU time (on all processors): 00:00:01


