Flow report for counter
Wed Aug  7 11:56:34 2019
Quartus II 32-bit Version 13.0.1 Build 232 06/12/2013 Service Pack 1 SJ Full Version


---------------------
; Table of Contents ;
---------------------
  1. Legal Notice
  2. Flow Summary
  3. Flow Settings
  4. Flow Non-Default Global Settings
  5. Flow Elapsed Time
  6. Flow OS Summary
  7. Flow Log
  8. Flow Messages
  9. Flow Suppressed Messages



----------------
; Legal Notice ;
----------------
Copyright (C) 1991-2013 Altera Corporation
Your use of Altera Corporation's design tools, logic functions 
and other software and tools, and its AMPP partner logic 
functions, and any output files from any of the foregoing 
(including device programming or simulation files), and any 
associated documentation or information are expressly subject 
to the terms and conditions of the Altera Program License 
Subscription Agreement, Altera MegaCore Function License 
Agreement, or other applicable license agreement, including, 
without limitation, that your use is for the sole purpose of 
programming logic devices manufactured by Altera and sold by 
Altera or its authorized distributors.  Please refer to the 
applicable agreement for further details.



+------------------------------------------------------------------------------+
; Flow Summary                                                                 ;
+---------------------------+--------------------------------------------------+
; Flow Status               ; Successful - Wed Aug  7 11:56:34 2019            ;
; Quartus II 32-bit Version ; 13.0.1 Build 232 06/12/2013 SP 1 SJ Full Version ;
; Revision Name             ; counter                                          ;
; Top-level Entity Name     ; COUNTER                                          ;
; Family                    ; MAX7000AE                                        ;
; Device                    ; EPM7128AETA144-10                                ;
; Timing Models             ; Final                                            ;
; Total macrocells          ; 32 / 128 ( 25 % )                                ;
; Total pins                ; 71 / 100 ( 71 % )                                ;
+---------------------------+--------------------------------------------------+


+-----------------------------------------+
; Flow Settings                           ;
+-------------------+---------------------+
; Option            ; Setting             ;
+-------------------+---------------------+
; Start date & time ; 08/07/2019 11:56:22 ;
; Main task         ; Compilation         ;
; Revision Name     ; counter             ;
+-------------------+---------------------+


+---------------------------------------------------------------------------------------------------------------------+
; Flow Non-Default Global Settings                                                                                    ;
+-------------------------------------+--------------------------------+---------------+-------------+----------------+
; Assignment Name                     ; Value                          ; Default Value ; Entity Name ; Section Id     ;
+-------------------------------------+--------------------------------+---------------+-------------+----------------+
; COMPILER_SIGNATURE_ID               ; 11373243924618.156517898219070 ; --            ; --          ; --             ;
; EDA_OUTPUT_DATA_FORMAT              ; Vhdl                           ; --            ; --          ; eda_simulation ;
; EDA_SIMULATION_TOOL                 ; ModelSim-Altera (VHDL)         ; <None>        ; --          ; --             ;
; PARTITION_COLOR                     ; 16764057                       ; --            ; --          ; Top            ;
; PARTITION_FITTER_PRESERVATION_LEVEL ; PLACEMENT_AND_ROUTING          ; --            ; --          ; Top            ;
; PARTITION_NETLIST_TYPE              ; SOURCE                         ; --            ; --          ; Top            ;
; PROJECT_OUTPUT_DIRECTORY            ; output_files                   ; --            ; --          ; --             ;
+-------------------------------------+--------------------------------+---------------+-------------+----------------+


+-------------------------------------------------------------------------------------------------------------------------------+
; Flow Elapsed Time                                                                                                             ;
+---------------------------+--------------+-------------------------+---------------------+------------------------------------+
; Module Name               ; Elapsed Time ; Average Processors Used ; Peak Virtual Memory ; Total CPU Time (on all processors) ;
+---------------------------+--------------+-------------------------+---------------------+------------------------------------+
; Analysis & Synthesis      ; 00:00:02     ; 1.0                     ; 353 MB              ; 00:00:02                           ;
; Fitter                    ; 00:00:01     ; 1.0                     ; 303 MB              ; 00:00:01                           ;
; Assembler                 ; 00:00:00     ; 1.0                     ; 297 MB              ; 00:00:00                           ;
; TimeQuest Timing Analyzer ; 00:00:01     ; 1.0                     ; 308 MB              ; 00:00:01                           ;
; EDA Netlist Writer        ; 00:00:00     ; 1.0                     ; 294 MB              ; 00:00:00                           ;
; Total                     ; 00:00:04     ; --                      ; --                  ; 00:00:04                           ;
+---------------------------+--------------+-------------------------+---------------------+------------------------------------+


+-----------------------------------------------------------------------------------------------------+
; Flow OS Summary                                                                                     ;
+---------------------------+--------------------------+----------------+------------+----------------+
; Module Name               ; Machine Hostname         ; OS Name        ; OS Version ; Processor type ;
+---------------------------+--------------------------+----------------+------------+----------------+
; Analysis & Synthesis      ; quartus-6546f4cfb9-h2sqs ; Ubuntu 18.04.2 ; 18         ; x86_64         ;
; Fitter                    ; quartus-6546f4cfb9-h2sqs ; Ubuntu 18.04.2 ; 18         ; x86_64         ;
; Assembler                 ; quartus-6546f4cfb9-h2sqs ; Ubuntu 18.04.2 ; 18         ; x86_64         ;
; TimeQuest Timing Analyzer ; quartus-6546f4cfb9-h2sqs ; Ubuntu 18.04.2 ; 18         ; x86_64         ;
; EDA Netlist Writer        ; quartus-6546f4cfb9-h2sqs ; Ubuntu 18.04.2 ; 18         ; x86_64         ;
+---------------------------+--------------------------+----------------+------------+----------------+


------------
; Flow Log ;
------------
quartus_map --read_settings_files=on --write_settings_files=off counter -c counter
quartus_fit --read_settings_files=off --write_settings_files=off counter -c counter
quartus_asm --read_settings_files=off --write_settings_files=off counter -c counter
quartus_sta counter -c counter
quartus_eda --read_settings_files=off --write_settings_files=off counter -c counter



